<?xml version="1.0" encoding="UTF-8"?>
<!-- Generated by org.testng.reporters.JUnitReportReporter -->
<testsuite hostname="LTIN490436" failures="0" tests="12" name="policyBazaar.test.TravelInsuranceTest" time="31.277" errors="0" timestamp="2024-02-28T15:06:59 IST" skipped="0">
  <testcase classname="policyBazaar.test.TravelInsuranceTest" name="testTravelInsuranceButtonClick" time="0.258"/>
  <system-out/>
  <testcase classname="policyBazaar.test.TravelInsuranceTest" name="testSwitchToChildWindow" time="0.179"/>
  <system-out/>
  <testcase classname="policyBazaar.test.TravelInsuranceTest" name="SelectDestination" time="3.483"/>
  <system-out/>
  <testcase classname="policyBazaar.test.TravelInsuranceTest" name="testSelectDate" time="0.906"/>
  <system-out/>
  <testcase classname="policyBazaar.test.TravelInsuranceTest" name="testSelectNumberOfTravellers" time="1.314"/>
  <system-out/>
  <testcase classname="policyBazaar.test.TravelInsuranceTest" name="ViewPlan" time="1.419"/>
  <system-out/>
  <testcase classname="policyBazaar.test.TravelInsuranceTest" name="SelectingStudentTrip" time="7.886"/>
  <system-out/>
  <testcase classname="policyBazaar.test.TravelInsuranceTest" name="InsuranceData" time="4.204"/>
  <system-out/>
  <testcase classname="policyBazaar.test.TravelInsuranceTest" name="SwitchChild" time="0.231"/>
  <system-out/>
  <testcase classname="policyBazaar.test.TravelInsuranceTest" name="CarInsurance" time="7.499"/>
  <system-out/>
  <testcase classname="policyBazaar.test.TravelInsuranceTest" name="fillingForm" time="3.263"/>
  <system-out/>
  <testcase classname="policyBazaar.test.TravelInsuranceTest" name="HealthInsurance" time="0.635"/>
  <system-out/>
</testsuite> <!-- policyBazaar.test.TravelInsuranceTest -->
