<?xml version="1.0" encoding="UTF-8"?>
<!-- Generated by org.testng.reporters.JUnitReportReporter -->
<testsuite hostname="LTIN490436" failures="0" tests="12" name="policyBazaar.test.TravelInsuranceTest" time="29.952" errors="0" timestamp="2024-02-28T17:57:38 IST" skipped="0">
  <testcase classname="policyBazaar.test.TravelInsuranceTest" name="testTravelInsuranceButtonClick" time="0.368"/>
  <system-out/>
  <testcase classname="policyBazaar.test.TravelInsuranceTest" name="testSwitchToChildWindow" time="0.193"/>
  <system-out/>
  <testcase classname="policyBazaar.test.TravelInsuranceTest" name="SelectDestination" time="3.439"/>
  <system-out/>
  <testcase classname="policyBazaar.test.TravelInsuranceTest" name="testSelectDate" time="1.130"/>
  <system-out/>
  <testcase classname="policyBazaar.test.TravelInsuranceTest" name="testSelectNumberOfTravellers" time="1.588"/>
  <system-out/>
  <testcase classname="policyBazaar.test.TravelInsuranceTest" name="ViewPlan" time="0.988"/>
  <system-out/>
  <testcase classname="policyBazaar.test.TravelInsuranceTest" name="SelectingStudentTrip" time="9.298"/>
  <system-out/>
  <testcase classname="policyBazaar.test.TravelInsuranceTest" name="InsuranceData" time="3.584"/>
  <system-out/>
  <testcase classname="policyBazaar.test.TravelInsuranceTest" name="SwitchChild" time="0.291"/>
  <system-out/>
  <testcase classname="policyBazaar.test.TravelInsuranceTest" name="CarInsurance" time="6.320"/>
  <system-out/>
  <testcase classname="policyBazaar.test.TravelInsuranceTest" name="fillingForm" time="2.042"/>
  <system-out/>
  <testcase classname="policyBazaar.test.TravelInsuranceTest" name="HealthInsurance" time="0.711"/>
  <system-out/>
</testsuite> <!-- policyBazaar.test.TravelInsuranceTest -->
