<?xml version="1.0" encoding="UTF-8"?>
<!-- Generated by org.testng.reporters.JUnitReportReporter -->
<testsuite hostname="LTIN513868" failures="0" tests="12" name="policyBazaar.test.TravelInsuranceTest" time="56.549" errors="0" timestamp="2024-02-28T14:39:43 IST" skipped="0">
  <testcase classname="policyBazaar.test.TravelInsuranceTest" name="testTravelInsuranceButtonClick" time="0.302"/>
  <testcase classname="policyBazaar.test.TravelInsuranceTest" name="testSwitchToChildWindow" time="0.202"/>
  <testcase classname="policyBazaar.test.TravelInsuranceTest" name="SelectDestination" time="9.088"/>
  <testcase classname="policyBazaar.test.TravelInsuranceTest" name="testSelectDate" time="1.531"/>
  <testcase classname="policyBazaar.test.TravelInsuranceTest" name="testSelectNumberOfTravellers" time="1.076"/>
  <testcase classname="policyBazaar.test.TravelInsuranceTest" name="ViewPlan" time="0.885"/>
  <testcase classname="policyBazaar.test.TravelInsuranceTest" name="SelectingStudentTrip" time="10.959"/>
  <testcase classname="policyBazaar.test.TravelInsuranceTest" name="InsuranceData" time="8.659"/>
  <testcase classname="policyBazaar.test.TravelInsuranceTest" name="SwitchChild" time="0.229"/>
  <testcase classname="policyBazaar.test.TravelInsuranceTest" name="CarInsurance" time="19.949"/>
  <testcase classname="policyBazaar.test.TravelInsuranceTest" name="fillingForm" time="3.060"/>
  <testcase classname="policyBazaar.test.TravelInsuranceTest" name="HealthInsurance" time="0.609"/>
</testsuite> <!-- policyBazaar.test.TravelInsuranceTest -->
